<?xml version="1.0" encoding="UTF-8"?>
<!-- Generated by org.testng.reporters.JUnitXMLReporter -->
<testsuite ignored="0" hostname="HossainXPS8960" failures="0" tests="2" name="Default test" time="8.002" errors="0" timestamp="2024-11-20T22:00:35 EST">
  <testcase classname="io.cucumber.testng.AbstractTestNGCucumberTests" name="runScenario" time="4.706"/>
  <testcase classname="io.cucumber.testng.AbstractTestNGCucumberTests" name="runScenario" time="0.866"/>
</testsuite> <!-- Default test -->
