<?xml version="1.0" encoding="UTF-8"?>
<testng-results ignored="0" total="2" passed="2" failed="0" skipped="0">
  <reporter-output>
  </reporter-output>
  <suite started-at="2024-11-20T22:00:27 EST" name="Default suite" finished-at="2024-11-20T22:00:35 EST" duration-ms="8002">
    <groups>
      <group name="cucumber">
        <method signature="AbstractTestNGCucumberTests.runScenario(io.cucumber.testng.PickleWrapper,io.cucumber.testng.FeatureWrapper)[pri:0, instance:com.Dhaka.testRunners.TestRunner@609cd4d8]" name="runScenario" class="io.cucumber.testng.AbstractTestNGCucumberTests"/>
      </group> <!-- cucumber -->
    </groups>
    <test started-at="2024-11-20T22:00:27 EST" name="Default test" finished-at="2024-11-20T22:00:35 EST" duration-ms="8002">
      <class name="com.Dhaka.testRunners.TestRunner">
        <test-method is-config="true" signature="LaunchApplicationURL()[pri:0, instance:com.Dhaka.testRunners.TestRunner@609cd4d8]" started-at="2024-11-20T22:00:27 EST" name="LaunchApplicationURL" finished-at="2024-11-20T22:00:28 EST" duration-ms="1953" status="PASS">
          <reporter-output>
          </reporter-output>
        </test-method> <!-- LaunchApplicationURL -->
        <test-method is-config="true" signature="setUpClass(org.testng.ITestContext)[pri:0, instance:com.Dhaka.testRunners.TestRunner@609cd4d8]" started-at="2024-11-20T22:00:28 EST" name="setUpClass" finished-at="2024-11-20T22:00:29 EST" duration-ms="63" status="PASS">
          <params>
            <param index="0">
              <value>
                <![CDATA[org.testng.TestRunner@656922a0]]>
              </value>
            </param>
          </params>
          <reporter-output>
          </reporter-output>
        </test-method> <!-- setUpClass -->
        <test-method signature="runScenario(io.cucumber.testng.PickleWrapper,io.cucumber.testng.FeatureWrapper)[pri:0, instance:com.Dhaka.testRunners.TestRunner@609cd4d8]" started-at="2024-11-20T22:00:29 EST" name="runScenario" description="Runs Cucumber Scenarios" data-provider="scenarios" finished-at="2024-11-20T22:00:33 EST" duration-ms="4706" status="PASS">
          <params>
            <param index="0">
              <value>
                <![CDATA["01 Verify Dashboard is display"]]>
              </value>
            </param>
            <param index="1">
              <value>
                <![CDATA["Dashboard page"]]>
              </value>
            </param>
          </params>
          <reporter-output>
          </reporter-output>
        </test-method> <!-- runScenario -->
        <test-method signature="runScenario(io.cucumber.testng.PickleWrapper,io.cucumber.testng.FeatureWrapper)[pri:0, instance:com.Dhaka.testRunners.TestRunner@609cd4d8]" started-at="2024-11-20T22:00:33 EST" name="runScenario" description="Runs Cucumber Scenarios" data-provider="scenarios" finished-at="2024-11-20T22:00:34 EST" duration-ms="866" status="PASS">
          <params>
            <param index="0">
              <value>
                <![CDATA["01 Verify Dashboard is display"]]>
              </value>
            </param>
            <param index="1">
              <value>
                <![CDATA["Dashboard page"]]>
              </value>
            </param>
          </params>
          <reporter-output>
          </reporter-output>
        </test-method> <!-- runScenario -->
        <test-method is-config="true" signature="tearDownClass()[pri:0, instance:com.Dhaka.testRunners.TestRunner@609cd4d8]" started-at="2024-11-20T22:00:34 EST" name="tearDownClass" finished-at="2024-11-20T22:00:34 EST" duration-ms="103" status="PASS">
          <reporter-output>
          </reporter-output>
        </test-method> <!-- tearDownClass -->
        <test-method is-config="true" signature="CloseApplicationURL()[pri:0, instance:com.Dhaka.testRunners.TestRunner@609cd4d8]" started-at="2024-11-20T22:00:34 EST" name="CloseApplicationURL" finished-at="2024-11-20T22:00:35 EST" duration-ms="291" status="PASS">
          <reporter-output>
          </reporter-output>
        </test-method> <!-- CloseApplicationURL -->
      </class> <!-- com.Dhaka.testRunners.TestRunner -->
    </test> <!-- Default test -->
  </suite> <!-- Default suite -->
</testng-results>
